
Inactive Modules:
  1) libiconv/1.17-jjpb4sl     2) libxml2/2.13.5     3) mpich/opt/develop-git.6037a7a

The following have been reloaded with a version change:
  1) gcc-runtime/13.3.0-ghotoln => gcc-runtime/12.2.0-267awrk
  2) gcc/13.3.0 => gcc/12.2.0
  3) gmp/6.3.0-mtokfaw => gmp/6.2.1-yctcuid
  4) hwloc/2.11.3-mpich-level-zero => hwloc/master-git.1793e43-level-zero
  5) mpc/1.3.1-rdrlvsl => mpc/1.3.1-ygprpb4
  6) mpfr/4.2.1-gkcdl5w => mpfr/4.2.1-fhgnwe7
  7) oneapi/release/2025.0.5 => oneapi/eng-compiler/2024.07.30.002
  8) yaksa/0.3-7ks5f26 => yaksa/0.3-aw2kkvy


Note: the module "gcc-runtime" cannot be unloaded because it was not loaded.

Lmod Warning:
-------------------------------------------------------------------------------
The following dependent module(s) are not currently loaded:
gcc-runtime/12.2.0-267awrk (required by: hdf5/1.14.3), gcc/12.2.0 (required by:
oneapi/eng-compiler/2024.07.30.002, hwloc/master-git.1793e43-level-zero,
yaksa/0.3-aw2kkvy, mpich/opt/4.3.0rc3, hdf5/1.14.3)
-------------------------------------------------------------------------------



[WARNING] yaksa: 2 leaked handle pool objects
[WARNING] yaksa: 2 leaked handle pool objects
[WARNING] yaksa: 2 leaked handle pool objects
[WARNING] yaksa: 2 leaked handle pool objects
