
     Program pw2qmcpack v.7.4.1 starts on 16Jul2025 at  1: 1:15 
        Git branch: HEAD
        Last git commit: 500de340b820e1cb8c05f2d8bb8fced102f377c1
        Last git commit date: Fri Feb 7 14:59:05 2025 +0000
        Last git commit subject: Merge branch 'qe-7.4.1' into 'master'

     This program is part of the open-source Quantum ESPRESSO suite
     for quantum simulation of materials; please cite
         "P. Giannozzi et al., J. Phys.:Condens. Matter 21 395502 (2009);
         "P. Giannozzi et al., J. Phys.:Condens. Matter 29 465901 (2017);
         "P. Giannozzi et al., J. Chem. Phys. 152 154105 (2020);
          URL http://www.quantum-espresso.org", 
     in publications or presentations arising from this work. More details at
     http://www.quantum-espresso.org/quote

     Parallel version (MPI & OpenMP), running on     104 processor cores
     Number of MPI processes:                26
     Threads/MPI process:                     4

     MPI processes distributed on     1 nodes
     R & G space division:  proc/nbgrp/npool/nimage =      26
     918440 MiB available memory on the printing compute node when the environment starts
 

     Reading xml data from directory:

     pwscf_output/pwscf.save/
scan_end: No INFO end statement, corrupted file?
scan_end: No INFO end statement, corrupted file?

     IMPORTANT: XC functional enforced from input :
     Exchange-correlation= PBE
                           (   1   4   3   4   0   0   0)
     Any further DFT definition will be discarded
     Please, verify this is what you really want

 
     Parallelization info
     --------------------
     sticks:   dense  smooth     PW     G-vecs:    dense   smooth      PW
     Min         262     262     70                84850    84850   11930
     Max         263     263     71                84871    84871   11955
     Sum        6813    6813   1843              2206181  2206181  310671
 
     Using Slab Decomposition
 
     Reading collected, re-writing distributed wavefunctions
 
     compute_qmcp :      1.07s CPU      2.20s WALL (       1 calls)

     Called by read_file_lite:

     Called by compute_qmcpack:
     big_loop     :      0.94s CPU      1.89s WALL (       1 calls)
     write_h5     :      0.00s CPU      0.08s WALL (       1 calls)
     glue_h5      :      0.00s CPU      0.00s WALL (       1 calls)
 
     pw2qmcpack   :     13.57s CPU      7.08s WALL

 
   This run was terminated on:   1: 1:22  16Jul2025            

=------------------------------------------------------------------------------=
   JOB DONE.
=------------------------------------------------------------------------------=
esh5 create pwscf_output/pwscf.pwscf.h5
