
     Program pw2qmcpack v.7.4.1 starts on 15Jul2025 at 18:19:47 
        Git branch: HEAD
        Last git commit: 500de340b820e1cb8c05f2d8bb8fced102f377c1
        Last git commit date: Fri Feb 7 14:59:05 2025 +0000
        Last git commit subject: Merge branch 'qe-7.4.1' into 'master'

     This program is part of the open-source Quantum ESPRESSO suite
     for quantum simulation of materials; please cite
         "P. Giannozzi et al., J. Phys.:Condens. Matter 21 395502 (2009);
         "P. Giannozzi et al., J. Phys.:Condens. Matter 29 465901 (2017);
         "P. Giannozzi et al., J. Chem. Phys. 152 154105 (2020);
          URL http://www.quantum-espresso.org", 
     in publications or presentations arising from this work. More details at
     http://www.quantum-espresso.org/quote

     Parallel version (MPI & OpenMP), running on     104 processor cores
     Number of MPI processes:                26
     Threads/MPI process:                     4

     MPI processes distributed on     1 nodes
     R & G space division:  proc/nbgrp/npool/nimage =      26
     992178 MiB available memory on the printing compute node when the environment starts
 

     Reading xml data from directory:

     pwscf_output/pwscf.save/
scan_end: No INFO end statement, corrupted file?
scan_end: No INFO end statement, corrupted file?

     IMPORTANT: XC functional enforced from input :
     Exchange-correlation= PBE
                           (   1   4   3   4   0   0   0)
     Any further DFT definition will be discarded
     Please, verify this is what you really want

 
     Parallelization info
     --------------------
     sticks:   dense  smooth     PW     G-vecs:    dense   smooth      PW
     Min         255     255     64                41437    41437    5178
     Max         256     256     66                41448    41448    5186
     Sum        6655    6655   1667              1077557  1077557  134739
 
     Using Slab Decomposition
 
     Reading collected, re-writing distributed wavefunctions
 
     compute_qmcp :      0.17s CPU      0.36s WALL (       1 calls)

     Called by read_file_lite:

     Called by compute_qmcpack:
     big_loop     :      0.09s CPU      0.19s WALL (       1 calls)
     write_h5     :      0.00s CPU      0.05s WALL (       1 calls)
     glue_h5      :      0.00s CPU      0.00s WALL (       1 calls)
 
     pw2qmcpack   :      2.45s CPU      3.06s WALL

 
   This run was terminated on:  18:19:50  15Jul2025            

=------------------------------------------------------------------------------=
   JOB DONE.
=------------------------------------------------------------------------------=
esh5 create pwscf_output/pwscf.pwscf.h5
