
     Program pw2qmcpack v.7.5 starts on 14Jul2025 at 11:32:33 
        Git branch: develop
        Last git commit: 3c11e307ebcb4724b3e63ad706b3e9727dda56b0
        Last git commit date: Wed Jul 2 15:08:17 2025 +0000
        Last git commit subject: Merge branch 'a-few-qe-75-chores' into 'develop'

     This program is part of the open-source Quantum ESPRESSO suite
     for quantum simulation of materials; please cite
         "P. Giannozzi et al., J. Phys.:Condens. Matter 21 395502 (2009);
         "P. Giannozzi et al., J. Phys.:Condens. Matter 29 465901 (2017);
         "P. Giannozzi et al., J. Chem. Phys. 152 154105 (2020);
          URL http://www.quantum-espresso.org", 
     in publications or presentations arising from this work. More details at
     http://www.quantum-espresso.org/quote

     Parallel version (MPI & OpenMP), running on       4 processor cores
     Number of MPI processes:                 4
     Threads/MPI process:                     1

     MPI processes distributed on     1 nodes
     R & G space division:  proc/nbgrp/npool/nimage =       4
     29846 MiB available memory on the printing compute node when the environment starts


     Reading xml data from directory:

     pwscf_output/pwscf.save/
scan_end: No INFO end statement, corrupted file?

     IMPORTANT: XC functional enforced from input :
     Exchange-correlation= PBE
                           (   1   4   3   4   0   0   0)
     Any further DFT definition will be discarded
     Please, verify this is what you really want


     Parallelization info
     --------------------
     sticks:   dense  smooth     PW     G-vecs:    dense   smooth      PW
     Min         778     315     90                28906     7340    1118
     Max         779     316     91                28910     7342    1120
     Sum        3115    1261    361               115633    29363    4477

     Using Slab Decomposition

     Reading collected, re-writing distributed wavefunctions
esh5 create pwscf_output/pwscf.pwscf.h5

     compute_qmcp :      0.02s CPU      0.02s WALL (       1 calls)

     Called by read_file_lite:

     Called by compute_qmcpack:
     big_loop     :      0.00s CPU      0.01s WALL (       1 calls)
     write_h5     :      0.00s CPU      0.00s WALL (       1 calls)
     glue_h5      :      0.00s CPU      0.00s WALL (       1 calls)

     pw2qmcpack   :      0.21s CPU      0.28s WALL


   This run was terminated on:  11:32:33  14Jul2025            

=------------------------------------------------------------------------------=
   JOB DONE.
=------------------------------------------------------------------------------=
